<?xml version="1.0" encoding="UTF-8"?>
<!-- Generated by org.testng.reporters.JUnitReportReporter -->
<testsuite hostname="t" failures="0" tests="2" name="TestNG.Testng1" time="0.012" errors="0" timestamp="2022-12-28T18:28:49 IST" skipped="0">
  <testcase classname="TestNG.Testng1" name="tc2" time="0.001"/>
  <system-out>
    <![CDATA[I am from TC2 method]]>
  </system-out>
  <testcase classname="TestNG.Testng1" name="tc1" time="0.011"/>
  <system-out>
    <![CDATA[I am from TC1 Method]]>
  </system-out>
</testsuite> <!-- TestNG.Testng1 -->
