<?xml version="1.0" encoding="UTF-8"?>
<!-- Generated by org.testng.reporters.JUnitReportReporter -->
<testsuite hostname="t" failures="0" tests="1" name="TestNG.Testng" time="0.008" errors="0" timestamp="2022-12-28T22:45:33 IST" skipped="0">
  <testcase classname="TestNG.Testng" name="one" time="0.008"/>
  <system-out>
    <![CDATA[TC is pass]]>
  </system-out>
</testsuite> <!-- TestNG.Testng -->
